[INFO] Scanning for projects...
[INFO] 
[INFO] -------------------< org.example:hospital-qr-system >-------------------
[INFO] Building Hospital QR Reception System 1.0-SNAPSHOT
[INFO]   from pom.xml
[INFO] --------------------------------[ jar ]---------------------------------
[INFO] 
[INFO] >>> spring-boot:2.7.18:run (default-cli) > test-compile @ hospital-qr-system >>>
[INFO] 
[INFO] --- resources:3.2.0:resources (default-resources) @ hospital-qr-system ---
[INFO] Using 'UTF-8' encoding to copy filtered resources.
[INFO] Using 'UTF-8' encoding to copy filtered properties files.
[INFO] Copying 1 resource
[INFO] Copying 10 resources
[INFO] 
[INFO] --- compiler:3.10.1:compile (default-compile) @ hospital-qr-system ---
[INFO] Nothing to compile - all classes are up to date
[INFO] 
[INFO] --- resources:3.2.0:testResources (default-testResources) @ hospital-qr-system ---
[INFO] Using 'UTF-8' encoding to copy filtered resources.
[INFO] Using 'UTF-8' encoding to copy filtered properties files.
[INFO] skip non existing resourceDirectory /Users/chani/Desktop/java/intelliJ/BootCamp25-2/src/test/resources
[INFO] 
[INFO] --- compiler:3.10.1:testCompile (default-testCompile) @ hospital-qr-system ---
[INFO] Nothing to compile - all classes are up to date
[INFO] 
[INFO] <<< spring-boot:2.7.18:run (default-cli) < test-compile @ hospital-qr-system <<<
[INFO] 
[INFO] 
[INFO] --- spring-boot:2.7.18:run (default-cli) @ hospital-qr-system ---
